# JRE version: OpenJDK Runtime Environment (7.0_75-b13) (build 1.7.0_75-b13)
# Java VM: OpenJDK Client VM (24.75-b04 mixed mode, sharing linux-x86 )
Heap
 def new generation   total 5312K, used 0K [0x6f200000, 0x6f7c0000, 0x79950000)
  eden space 4736K,   0% used [0x6f200000, 0x6f200000, 0x6f6a0000)
  from space 576K,   0% used [0x6f6a0000, 0x6f6a0000, 0x6f730000)
  to   space 576K,   0% used [0x6f730000, 0x6f730000, 0x6f7c0000)
 tenured generation   total 11752K, used 7049K [0x79950000, 0x7a4ca000, 0x8e800000)
   the space 11752K,  59% used [0x79950000, 0x7a032500, 0x7a032600, 0x7a4ca000)
 compacting perm gen  total 24832K, used 24718K [0x8e800000, 0x90040000, 0x92800000)
   the space 24832K,  99% used [0x8e800000, 0x90023a40, 0x90023c00, 0x90040000)
    ro space 10240K,  58% used [0x92800000, 0x92de1288, 0x92de1400, 0x93200000)
    rw space 12288K,  59% used [0x93200000, 0x93916100, 0x93916200, 0x93e00000)
GC Heap History (10 events):
Event: 33.226 GC heap before
{Heap before GC invocations=73 (full 3):
 def new generation   total 4928K, used 4513K [0x6f200000, 0x6f750000, 0x79950000)
  eden space 4416K, 100% used [0x6f200000, 0x6f650000, 0x6f650000)
  from space 512K,  19% used [0x6f6d0000, 0x6f6e86f0, 0x6f750000)
  to   space 512K,   0% used [0x6f650000, 0x6f650000, 0x6f6d0000)
 tenured generation   total 10752K, used 6404K [0x79950000, 0x7a3d0000, 0x8e800000)
   the space 10752K,  59% used [0x79950000, 0x79f91388, 0x79f91400, 0x7a3d0000)
 compacting perm gen  total 24064K, used 23831K [0x8e800000, 0x8ff80000, 0x92800000)
   the space 24064K,  99% used [0x8e800000, 0x8ff45c08, 0x8ff45e00, 0x8ff80000)
    ro space 10240K,  58% used [0x92800000, 0x92de1288, 0x92de1400, 0x93200000)
    rw space 12288K,  59% used [0x93200000, 0x93916100, 0x93916200, 0x93e00000)
Event: 33.228 GC heap after
Heap after GC invocations=74 (full 3):
 def new generation   total 4928K, used 114K [0x6f200000, 0x6f750000, 0x79950000)
  eden space 4416K,   0% used [0x6f200000, 0x6f200000, 0x6f650000)
  from space 512K,  22% used [0x6f650000, 0x6f66c928, 0x6f6d0000)
  to   space 512K,   0% used [0x6f6d0000, 0x6f6d0000, 0x6f750000)
 tenured generation   total 10752K, used 6404K [0x79950000, 0x7a3d0000, 0x8e800000)
   the space 10752K,  59% used [0x79950000, 0x79f91388, 0x79f91400, 0x7a3d0000)
 compacting perm gen  total 24064K, used 23831K [0x8e800000, 0x8ff80000, 0x92800000)
   the space 24064K,  99% used [0x8e800000, 0x8ff45c08, 0x8ff45e00, 0x8ff80000)
    ro space 10240K,  58% used [0x92800000, 0x92de1288, 0x92de1400, 0x93200000)
    rw space 12288K,  59% used [0x93200000, 0x93916100, 0x93916200, 0x93e00000)
}
Event: 35.219 GC heap before
{Heap before GC invocations=74 (full 3):
 def new generation   total 4928K, used 4530K [0x6f200000, 0x6f750000, 0x79950000)
  eden space 4416K, 100% used [0x6f200000, 0x6f650000, 0x6f650000)
  from space 512K,  22% used [0x6f650000, 0x6f66c928, 0x6f6d0000)
  to   space 512K,   0% used [0x6f6d0000, 0x6f6d0000, 0x6f750000)
 tenured generation   total 10752K, used 6404K [0x79950000, 0x7a3d0000, 0x8e800000)
   the space 10752K,  59% used [0x79950000, 0x79f91388, 0x79f91400, 0x7a3d0000)
 compacting perm gen  total 24320K, used 24194K [0x8e800000, 0x8ffc0000, 0x92800000)
   the space 24320K,  99% used [0x8e800000, 0x8ffa0bf8, 0x8ffa0c00, 0x8ffc0000)
    ro space 10240K,  58% used [0x92800000, 0x92de1288, 0x92de1400, 0x93200000)
    rw space 12288K,  59% used [0x93200000, 0x93916100, 0x93916200, 0x93e00000)
Event: 35.260 GC heap after
Heap after GC invocations=75 (full 3):
 def new generation   total 4928K, used 511K [0x6f200000, 0x6f750000, 0x79950000)
  eden space 4416K,   0% used [0x6f200000, 0x6f200000, 0x6f650000)
  from space 512K,  99% used [0x6f6d0000, 0x6f74fff8, 0x6f750000)
  to   space 512K,   0% used [0x6f650000, 0x6f650000, 0x6f6d0000)
 tenured generation   total 10752K, used 6557K [0x79950000, 0x7a3d0000, 0x8e800000)
   the space 10752K,  60% used [0x79950000, 0x79fb7580, 0x79fb7600, 0x7a3d0000)
 compacting perm gen  total 24320K, used 24194K [0x8e800000, 0x8ffc0000, 0x92800000)
   the space 24320K,  99% used [0x8e800000, 0x8ffa0bf8, 0x8ffa0c00, 0x8ffc0000)
    ro space 10240K,  58% used [0x92800000, 0x92de1288, 0x92de1400, 0x93200000)
    rw space 12288K,  59% used [0x93200000, 0x93916100, 0x93916200, 0x93e00000)
}
Event: 36.696 GC heap before
{Heap before GC invocations=75 (full 3):
 def new generation   total 4928K, used 4927K [0x6f200000, 0x6f750000, 0x79950000)
  eden space 4416K, 100% used [0x6f200000, 0x6f650000, 0x6f650000)
  from space 512K,  99% used [0x6f6d0000, 0x6f74fff8, 0x6f750000)
  to   space 512K,   0% used [0x6f650000, 0x6f650000, 0x6f6d0000)
 tenured generation   total 10752K, used 6557K [0x79950000, 0x7a3d0000, 0x8e800000)
   the space 10752K,  60% used [0x79950000, 0x79fb7580, 0x79fb7600, 0x7a3d0000)
 compacting perm gen  total 24576K, used 24509K [0x8e800000, 0x90000000, 0x92800000)
   the space 24576K,  99% used [0x8e800000, 0x8ffef6e8, 0x8ffef800, 0x90000000)
    ro space 10240K,  58% used [0x92800000, 0x92de1288, 0x92de1400, 0x93200000)
    rw space 12288K,  59% used [0x93200000, 0x93916100, 0x93916200, 0x93e00000)
Event: 36.737 GC heap after
Heap after GC invocations=76 (full 3):
 def new generation   total 4928K, used 512K [0x6f200000, 0x6f750000, 0x79950000)
  eden space 4416K,   0% used [0x6f200000, 0x6f200000, 0x6f650000)
  from space 512K, 100% used [0x6f650000, 0x6f6d0000, 0x6f6d0000)
  to   space 512K,   0% used [0x6f6d0000, 0x6f6d0000, 0x6f750000)
 tenured generation   total 10752K, used 6920K [0x79950000, 0x7a3d0000, 0x8e800000)
   the space 10752K,  64% used [0x79950000, 0x7a0121a0, 0x7a012200, 0x7a3d0000)
 compacting perm gen  total 24576K, used 24509K [0x8e800000, 0x90000000, 0x92800000)
   the space 24576K,  99% used [0x8e800000, 0x8ffef6e8, 0x8ffef800, 0x90000000)
    ro space 10240K,  58% used [0x92800000, 0x92de1288, 0x92de1400, 0x93200000)
    rw space 12288K,  59% used [0x93200000, 0x93916100, 0x93916200, 0x93e00000)
}
Event: 39.001 GC heap before
{Heap before GC invocations=76 (full 3):
 def new generation   total 4928K, used 4928K [0x6f200000, 0x6f750000, 0x79950000)
  eden space 4416K, 100% used [0x6f200000, 0x6f650000, 0x6f650000)
  from space 512K, 100% used [0x6f650000, 0x6f6d0000, 0x6f6d0000)
  to   space 512K,   0% used [0x6f6d0000, 0x6f6d0000, 0x6f750000)
 tenured generation   total 10752K, used 6920K [0x79950000, 0x7a3d0000, 0x8e800000)
   the space 10752K,  64% used [0x79950000, 0x7a0121a0, 0x7a012200, 0x7a3d0000)
 compacting perm gen  total 24832K, used 24704K [0x8e800000, 0x90040000, 0x92800000)
   the space 24832K,  99% used [0x8e800000, 0x90020378, 0x90020400, 0x90040000)
    ro space 10240K,  58% used [0x92800000, 0x92de1288, 0x92de1400, 0x93200000)
    rw space 12288K,  59% used [0x93200000, 0x93916100, 0x93916200, 0x93e00000)
Event: 39.076 GC heap after
Heap after GC invocations=77 (full 3):
 def new generation   total 4928K, used 511K [0x6f200000, 0x6f750000, 0x79950000)
  eden space 4416K,   0% used [0x6f200000, 0x6f200000, 0x6f650000)
  from space 512K,  99% used [0x6f6d0000, 0x6f74fff8, 0x6f750000)
  to   space 512K,   0% used [0x6f650000, 0x6f650000, 0x6f6d0000)
 tenured generation   total 10752K, used 7941K [0x79950000, 0x7a3d0000, 0x8e800000)
   the space 10752K,  73% used [0x79950000, 0x7a1117a8, 0x7a111800, 0x7a3d0000)
 compacting perm gen  total 24832K, used 24704K [0x8e800000, 0x90040000, 0x92800000)
   the space 24832K,  99% used [0x8e800000, 0x90020378, 0x90020400, 0x90040000)
    ro space 10240K,  58% used [0x92800000, 0x92de1288, 0x92de1400, 0x93200000)
    rw space 12288K,  59% used [0x93200000, 0x93916100, 0x93916200, 0x93e00000)
}
Event: 39.730 GC heap before
{Heap before GC invocations=77 (full 3):
 def new generation   total 4928K, used 1705K [0x6f200000, 0x6f750000, 0x79950000)
  eden space 4416K,  27% used [0x6f200000, 0x6f32a4f0, 0x6f650000)
  from space 512K,  99% used [0x6f6d0000, 0x6f74fff8, 0x6f750000)
  to   space 512K,   0% used [0x6f650000, 0x6f650000, 0x6f6d0000)
 tenured generation   total 10752K, used 7941K [0x79950000, 0x7a3d0000, 0x8e800000)
   the space 10752K,  73% used [0x79950000, 0x7a1117a8, 0x7a111800, 0x7a3d0000)
 compacting perm gen  total 24832K, used 24829K [0x8e800000, 0x90040000, 0x92800000)
   the space 24832K,  99% used [0x8e800000, 0x9003f748, 0x9003f800, 0x90040000)
    ro space 10240K,  58% used [0x92800000, 0x92de1288, 0x92de1400, 0x93200000)
    rw space 12288K,  59% used [0x93200000, 0x93916100, 0x93916200, 0x93e00000)
Event: 41.581 GC heap after
Heap after GC invocations=78 (full 4):
 def new generation   total 5312K, used 0K [0x6f200000, 0x6f7c0000, 0x79950000)
  eden space 4736K,   0% used [0x6f200000, 0x6f200000, 0x6f6a0000)
  from space 576K,   0% used [0x6f6a0000, 0x6f6a0000, 0x6f730000)
  to   space 576K,   0% used [0x6f730000, 0x6f730000, 0x6f7c0000)
 tenured generation   total 11752K, used 7049K [0x79950000, 0x7a4ca000, 0x8e800000)
   the space 11752K,  59% used [0x79950000, 0x7a032500, 0x7a032600, 0x7a4ca000)
 compacting perm gen  total 24832K, used 24718K [0x8e800000, 0x90040000, 0x92800000)
   the space 24832K,  99% used [0x8e800000, 0x90023a40, 0x90023c00, 0x90040000)
    ro space 10240K,  58% used [0x92800000, 0x92de1288, 0x92de1400, 0x93200000)
    rw space 12288K,  59% used [0x93200000, 0x93916100, 0x93916200, 0x93e00000)
}

