# JRE version: OpenJDK Runtime Environment (7.0_75-b13) (build 1.7.0_75-b13)
# Java VM: OpenJDK Client VM (24.75-b04 mixed mode, sharing linux-x86 )
Heap
 def new generation   total 117120K, used 6658K [0x6e800000, 0x76710000, 0x792a0000)
  eden space 104128K,   6% used [0x6e800000, 0x6ee80900, 0x74db0000)
  from space 12992K,   0% used [0x75a60000, 0x75a60000, 0x76710000)
  to   space 12992K,   0% used [0x74db0000, 0x74db0000, 0x75a60000)
 tenured generation   total 282744K, used 282743K [0x792a0000, 0x8a6be000, 0x8e800000)
   the space 282744K,  99% used [0x792a0000, 0x8a6bdff8, 0x8a6be000, 0x8a6be000)
 compacting perm gen  total 27392K, used 27192K [0x8e800000, 0x902c0000, 0x92800000)
   the space 27392K,  99% used [0x8e800000, 0x9028e258, 0x9028e400, 0x902c0000)
    ro space 10240K,  58% used [0x92800000, 0x92de1288, 0x92de1400, 0x93200000)
    rw space 12288K,  59% used [0x93200000, 0x93916100, 0x93916200, 0x93e00000)
GC Heap History (10 events):
Event: 107.799 GC heap after
Heap after GC invocations=85 (full 8):
 def new generation   total 64000K, used 0K [0x6e800000, 0x72d70000, 0x792a0000)
  eden space 56896K,   0% used [0x6e800000, 0x6e800000, 0x71f90000)
  from space 7104K,   0% used [0x71f90000, 0x71f90000, 0x72680000)
  to   space 7104K,   0% used [0x72680000, 0x72680000, 0x72d70000)
 tenured generation   total 142180K, used 85307K [0x792a0000, 0x81d79000, 0x8e800000)
   the space 142180K,  59% used [0x792a0000, 0x7e5eecb0, 0x7e5eee00, 0x81d79000)
 compacting perm gen  total 26880K, used 26874K [0x8e800000, 0x90240000, 0x92800000)
   the space 26880K,  99% used [0x8e800000, 0x9023e9a0, 0x9023ea00, 0x90240000)
    ro space 10240K,  58% used [0x92800000, 0x92de1288, 0x92de1400, 0x93200000)
    rw space 12288K,  59% used [0x93200000, 0x93916100, 0x93916200, 0x93e00000)
}
Event: 108.127 GC heap before
{Heap before GC invocations=85 (full 8):
 def new generation   total 64000K, used 56896K [0x6e800000, 0x72d70000, 0x792a0000)
  eden space 56896K, 100% used [0x6e800000, 0x71f90000, 0x71f90000)
  from space 7104K,   0% used [0x71f90000, 0x71f90000, 0x72680000)
  to   space 7104K,   0% used [0x72680000, 0x72680000, 0x72d70000)
 tenured generation   total 142180K, used 85307K [0x792a0000, 0x81d79000, 0x8e800000)
   the space 142180K,  59% used [0x792a0000, 0x7e5eecb0, 0x7e5eee00, 0x81d79000)
 compacting perm gen  total 27136K, used 27080K [0x8e800000, 0x90280000, 0x92800000)
   the space 27136K,  99% used [0x8e800000, 0x902723b8, 0x90272400, 0x90280000)
    ro space 10240K,  58% used [0x92800000, 0x92de1288, 0x92de1400, 0x93200000)
    rw space 12288K,  59% used [0x93200000, 0x93916100, 0x93916200, 0x93e00000)
Event: 108.268 GC heap after
Heap after GC invocations=86 (full 8):
 def new generation   total 64000K, used 7104K [0x6e800000, 0x72d70000, 0x792a0000)
  eden space 56896K,   0% used [0x6e800000, 0x6e800000, 0x71f90000)
  from space 7104K, 100% used [0x72680000, 0x72d70000, 0x72d70000)
  to   space 7104K,   0% used [0x71f90000, 0x71f90000, 0x72680000)
 tenured generation   total 142180K, used 119687K [0x792a0000, 0x81d79000, 0x8e800000)
   the space 142180K,  84% used [0x792a0000, 0x80781f50, 0x80782000, 0x81d79000)
 compacting perm gen  total 27136K, used 27080K [0x8e800000, 0x90280000, 0x92800000)
   the space 27136K,  99% used [0x8e800000, 0x902723b8, 0x90272400, 0x90280000)
    ro space 10240K,  58% used [0x92800000, 0x92de1288, 0x92de1400, 0x93200000)
    rw space 12288K,  59% used [0x93200000, 0x93916100, 0x93916200, 0x93e00000)
}
Event: 108.419 GC heap before
{Heap before GC invocations=86 (full 8):
 def new generation   total 64000K, used 64000K [0x6e800000, 0x72d70000, 0x792a0000)
  eden space 56896K, 100% used [0x6e800000, 0x71f90000, 0x71f90000)
  from space 7104K, 100% used [0x72680000, 0x72d70000, 0x72d70000)
  to   space 7104K,   0% used [0x71f90000, 0x71f90000, 0x72680000)
 tenured generation   total 142180K, used 119687K [0x792a0000, 0x81d79000, 0x8e800000)
   the space 142180K,  84% used [0x792a0000, 0x80781f50, 0x80782000, 0x81d79000)
 compacting perm gen  total 27136K, used 27100K [0x8e800000, 0x90280000, 0x92800000)
   the space 27136K,  99% used [0x8e800000, 0x90277150, 0x90277200, 0x90280000)
    ro space 10240K,  58% used [0x92800000, 0x92de1288, 0x92de1400, 0x93200000)
    rw space 12288K,  59% used [0x93200000, 0x93916100, 0x93916200, 0x93e00000)
Event: 109.616 GC heap after
Heap after GC invocations=87 (full 9):
 def new generation   total 117120K, used 0K [0x6e800000, 0x76710000, 0x792a0000)
  eden space 104128K,   0% used [0x6e800000, 0x6e800000, 0x74db0000)
  from space 12992K,   0% used [0x74db0000, 0x74db0000, 0x75a60000)
  to   space 12992K,   0% used [0x75a60000, 0x75a60000, 0x76710000)
 tenured generation   total 260144K, used 156086K [0x792a0000, 0x890ac000, 0x8e800000)
   the space 260144K,  59% used [0x792a0000, 0x82b0d838, 0x82b0da00, 0x890ac000)
 compacting perm gen  total 27136K, used 27100K [0x8e800000, 0x90280000, 0x92800000)
   the space 27136K,  99% used [0x8e800000, 0x90277150, 0x90277200, 0x90280000)
    ro space 10240K,  58% used [0x92800000, 0x92de1288, 0x92de1400, 0x93200000)
    rw space 12288K,  59% used [0x93200000, 0x93916100, 0x93916200, 0x93e00000)
}
Event: 110.678 GC heap before
{Heap before GC invocations=87 (full 9):
 def new generation   total 117120K, used 104128K [0x6e800000, 0x76710000, 0x792a0000)
  eden space 104128K, 100% used [0x6e800000, 0x74db0000, 0x74db0000)
  from space 12992K,   0% used [0x74db0000, 0x74db0000, 0x75a60000)
  to   space 12992K,   0% used [0x75a60000, 0x75a60000, 0x76710000)
 tenured generation   total 260144K, used 156086K [0x792a0000, 0x890ac000, 0x8e800000)
   the space 260144K,  59% used [0x792a0000, 0x82b0d838, 0x82b0da00, 0x890ac000)
 compacting perm gen  total 27136K, used 27121K [0x8e800000, 0x90280000, 0x92800000)
   the space 27136K,  99% used [0x8e800000, 0x9027c6f0, 0x9027c800, 0x90280000)
    ro space 10240K,  58% used [0x92800000, 0x92de1288, 0x92de1400, 0x93200000)
    rw space 12288K,  59% used [0x93200000, 0x93916100, 0x93916200, 0x93e00000)
Event: 110.808 GC heap after
Heap after GC invocations=88 (full 9):
 def new generation   total 117120K, used 12992K [0x6e800000, 0x76710000, 0x792a0000)
  eden space 104128K,   0% used [0x6e800000, 0x6e800000, 0x74db0000)
  from space 12992K, 100% used [0x75a60000, 0x76710000, 0x76710000)
  to   space 12992K,   0% used [0x74db0000, 0x74db0000, 0x75a60000)
 tenured generation   total 260144K, used 177931K [0x792a0000, 0x890ac000, 0x8e800000)
   the space 260144K,  68% used [0x792a0000, 0x84062d68, 0x84062e00, 0x890ac000)
 compacting perm gen  total 27136K, used 27121K [0x8e800000, 0x90280000, 0x92800000)
   the space 27136K,  99% used [0x8e800000, 0x9027c6f0, 0x9027c800, 0x90280000)
    ro space 10240K,  58% used [0x92800000, 0x92de1288, 0x92de1400, 0x93200000)
    rw space 12288K,  59% used [0x93200000, 0x93916100, 0x93916200, 0x93e00000)
}
Event: 114.554 GC heap before
{Heap before GC invocations=88 (full 9):
 def new generation   total 117120K, used 117120K [0x6e800000, 0x76710000, 0x792a0000)
  eden space 104128K, 100% used [0x6e800000, 0x74db0000, 0x74db0000)
  from space 12992K, 100% used [0x75a60000, 0x76710000, 0x76710000)
  to   space 12992K,   0% used [0x74db0000, 0x74db0000, 0x75a60000)
 tenured generation   total 260144K, used 177931K [0x792a0000, 0x890ac000, 0x8e800000)
   the space 260144K,  68% used [0x792a0000, 0x84062d68, 0x84062e00, 0x890ac000)
 compacting perm gen  total 27392K, used 27181K [0x8e800000, 0x902c0000, 0x92800000)
   the space 27392K,  99% used [0x8e800000, 0x9028b4d8, 0x9028b600, 0x902c0000)
    ro space 10240K,  58% used [0x92800000, 0x92de1288, 0x92de1400, 0x93200000)
    rw space 12288K,  59% used [0x93200000, 0x93916100, 0x93916200, 0x93e00000)
Event: 115.270 GC heap after
Heap after GC invocations=89 (full 9):
 def new generation   total 117120K, used 12992K [0x6e800000, 0x76710000, 0x792a0000)
  eden space 104128K,   0% used [0x6e800000, 0x6e800000, 0x74db0000)
  from space 12992K, 100% used [0x74db0000, 0x75a60000, 0x75a60000)
  to   space 12992K,   0% used [0x75a60000, 0x75a60000, 0x76710000)
 tenured generation   total 260144K, used 246601K [0x792a0000, 0x890ac000, 0x8e800000)
   the space 260144K,  94% used [0x792a0000, 0x88372640, 0x88372800, 0x890ac000)
 compacting perm gen  total 27392K, used 27181K [0x8e800000, 0x902c0000, 0x92800000)
   the space 27392K,  99% used [0x8e800000, 0x9028b4d8, 0x9028b600, 0x902c0000)
    ro space 10240K,  58% used [0x92800000, 0x92de1288, 0x92de1400, 0x93200000)
    rw space 12288K,  59% used [0x93200000, 0x93916100, 0x93916200, 0x93e00000)
}
Event: 116.685 GC heap before
{Heap before GC invocations=89 (full 9):
 def new generation   total 117120K, used 117120K [0x6e800000, 0x76710000, 0x792a0000)
  eden space 104128K, 100% used [0x6e800000, 0x74db0000, 0x74db0000)
  from space 12992K, 100% used [0x74db0000, 0x75a60000, 0x75a60000)
  to   space 12992K,   0% used [0x75a60000, 0x75a60000, 0x76710000)
 tenured generation   total 260144K, used 246601K [0x792a0000, 0x890ac000, 0x8e800000)
   the space 260144K,  94% used [0x792a0000, 0x88372640, 0x88372800, 0x890ac000)
 compacting perm gen  total 27392K, used 27192K [0x8e800000, 0x902c0000, 0x92800000)
   the space 27392K,  99% used [0x8e800000, 0x9028e258, 0x9028e400, 0x902c0000)
    ro space 10240K,  58% used [0x92800000, 0x92de1288, 0x92de1400, 0x93200000)
    rw space 12288K,  59% used [0x93200000, 0x93916100, 0x93916200, 0x93e00000)

